<?xml version="1.0" encoding="UTF-8"?>
<!-- Generated by org.testng.reporters.JUnitXMLReporter -->
<testsuite hostname="DESKTOP-6D3FG3E" ignored="0" name="Test1" tests="5" failures="0" timestamp="2021-04-19T16:57:43 CEST" time="7.675" errors="0">
  <testcase name="launchURL" time="4.387" classname="com.sb.qa.testcases.SmartReporting_UnitTest"/>
  <testcase name="enterConvertVal" time="0.248" classname="com.sb.qa.testcases.SmartReporting_UnitTest"/>
  <testcase name="fromDrpdown" time="0.281" classname="com.sb.qa.testcases.SmartReporting_UnitTest"/>
  <testcase name="toDrpdown" time="0.247" classname="com.sb.qa.testcases.SmartReporting_UnitTest"/>
  <testcase name="clickBtn" time="0.215" classname="com.sb.qa.testcases.SmartReporting_UnitTest"/>
</testsuite> <!-- Test1 -->
