<?xml version="1.0" encoding="UTF-8"?>
<!-- Generated by org.testng.reporters.JUnitXMLReporter -->
<testsuite hostname="DESKTOP-6D3FG3E" ignored="0" name="Test2" tests="12" failures="0" timestamp="2021-04-19T16:57:58 CEST" time="14.347" errors="0">
  <testcase name="launchURL" time="3.649" classname="com.sb.qa.testcases.SmartReportingEndToEndTest"/>
  <testcase name="enterConvertVal" time="1.055" classname="com.sb.qa.testcases.SmartReportingEndToEndTest"/>
  <testcase name="enterConvertVal" time="1.104" classname="com.sb.qa.testcases.SmartReportingEndToEndTest"/>
  <testcase name="enterConvertVal" time="1.073" classname="com.sb.qa.testcases.SmartReportingEndToEndTest"/>
  <testcase name="enterConvertVal" time="0.994" classname="com.sb.qa.testcases.SmartReportingEndToEndTest"/>
  <testcase name="enterConvertVal" time="0.986" classname="com.sb.qa.testcases.SmartReportingEndToEndTest"/>
  <testcase name="enterConvertVal" time="0.718" classname="com.sb.qa.testcases.SmartReportingEndToEndTest"/>
  <testcase name="enterConvertVal" time="0.782" classname="com.sb.qa.testcases.SmartReportingEndToEndTest"/>
  <testcase name="enterConvertVal" time="0.759" classname="com.sb.qa.testcases.SmartReportingEndToEndTest"/>
  <testcase name="enterConvertVal" time="0.696" classname="com.sb.qa.testcases.SmartReportingEndToEndTest"/>
  <testcase name="enterConvertVal" time="0.615" classname="com.sb.qa.testcases.SmartReportingEndToEndTest"/>
  <testcase name="currencyConversionHistory" time="0.195" classname="com.sb.qa.testcases.SmartReportingEndToEndTest"/>
</testsuite> <!-- Test2 -->
